<?xml version="1.0" encoding="UTF-8"?>
<!-- Generated by org.testng.reporters.JUnitXMLReporter -->
<testsuite ignored="6" hostname="infenix-PC" failures="0" tests="5" name="Default test" time="28.599" errors="0" timestamp="2024-06-26T12:30:58 EET">
  <testcase classname="almosafer.almosaferTestCases" name="checkChangeTheLanguageTheWebSiteRandomly" time="0.816"/>
  <testcase classname="almosafer.almosaferTestCases" name="checkChangeTheSwitchHotelTapRandomly" time="0.274"/>
  <testcase classname="almosafer.almosaferTestCases" name="checkChangeRandomlyForPerson" time="4.062"/>
  <testcase classname="almosafer.almosaferTestCases" name="checkWaitToFullyParAPI" time="16.995"/>
  <testcase classname="almosafer.almosaferTestCases" name="checkSortLowstPrices" time="3.295"/>
  <testcase classname="almosafer.almosaferTestCases" name="checkFlightDeparturAndReturn" time="0.0">
    <ignored/>
  </testcase> <!-- checkFlightDeparturAndReturn -->
  <testcase classname="almosafer.almosaferTestCases" name="checkFromNotChoesesHotelTap" time="0.0">
    <ignored/>
  </testcase> <!-- checkFromNotChoesesHotelTap -->
  <testcase classname="almosafer.almosaferTestCases" name="verificationCurrencyDefault" time="0.0">
    <ignored/>
  </testcase> <!-- verificationCurrencyDefault -->
  <testcase classname="almosafer.almosaferTestCases" name="verificationContactNumber" time="0.0">
    <ignored/>
  </testcase> <!-- verificationContactNumber -->
  <testcase classname="almosafer.almosaferTestCases" name="verificationLanguageDefault" time="0.0">
    <ignored/>
  </testcase> <!-- verificationLanguageDefault -->
  <testcase classname="almosafer.almosaferTestCases" name="checkLogoQetafIsDeispled" time="0.0">
    <ignored/>
  </testcase> <!-- checkLogoQetafIsDeispled -->
</testsuite> <!-- Default test -->
